<?xml version="1.0" encoding="UTF-8"?>
<!-- Generated by org.testng.reporters.JUnitReportReporter -->
<testsuite hostname="LAPTOP-6JS2U1BE" failures="0" tests="2" name="cucumber.TestNGTestRunner" time="23.224" errors="0" timestamp="2025-06-15T16:11:54 IST" skipped="0">
  <testcase classname="cucumber.TestNGTestRunner" name="runScenario" time="11.200"/>
  <testcase classname="cucumber.TestNGTestRunner" name="runScenario" time="12.024"/>
</testsuite> <!-- cucumber.TestNGTestRunner -->
