<?xml version="1.0" encoding="UTF-8"?>
<!-- Generated by org.testng.reporters.JUnitReportReporter -->
<testsuite hostname="LAPTOP-6JS2U1BE" failures="0" tests="1" name="cucumber.TestNGTestRunner" time="15.226" errors="0" timestamp="2025-06-15T17:26:44 IST" skipped="0">
  <testcase classname="cucumber.TestNGTestRunner" name="runScenario" time="15.226"/>
</testsuite> <!-- cucumber.TestNGTestRunner -->
